2016-05-25T14:31:54+02:00 ERR (3): exception 'BadMethodCallException' with message 'Method named 'getRowCount' does not exist or is not callable.' in C:\wamp\www\editionkit_v1\application\libraries\Omeka\Db.php:68
Stack trace:
#0 C:\wamp\www\editionkit_v1\plugins\ThemeEditionKit\ThemeEditionKitPlugin.php(35): Omeka_Db->__call('getRowCount', Array)
#1 C:\wamp\www\editionkit_v1\plugins\ThemeEditionKit\ThemeEditionKitPlugin.php(35): Omeka_Db->getRowCount('Collection')
#2 [internal function]: ThemeEditionKitPlugin->hookInstall(Array)
#3 C:\wamp\www\editionkit_v1\application\libraries\Omeka\Plugin\Broker.php(145): call_user_func(Array, Array)
#4 C:\wamp\www\editionkit_v1\application\libraries\Omeka\Plugin\Installer.php(130): Omeka_Plugin_Broker->callHook('install', Array, Object(Plugin))
#5 C:\wamp\www\editionkit_v1\application\controllers\PluginsController.php(97): Omeka_Plugin_Installer->install(Object(Plugin))
#6 C:\wamp\www\editionkit_v1\application\libraries\Zend\Controller\Action.php(516): PluginsController->installAction()
#7 C:\wamp\www\editionkit_v1\application\libraries\Zend\Controller\Dispatcher\Standard.php(308): Zend_Controller_Action->dispatch('installAction')
#8 C:\wamp\www\editionkit_v1\application\libraries\Zend\Controller\Front.php(954): Zend_Controller_Dispatcher_Standard->dispatch(Object(Zend_Controller_Request_Http), Object(Zend_Controller_Response_Http))
#9 C:\wamp\www\editionkit_v1\application\libraries\Zend\Application\Bootstrap\Bootstrap.php(105): Zend_Controller_Front->dispatch()
#10 C:\wamp\www\editionkit_v1\application\libraries\Zend\Application.php(384): Zend_Application_Bootstrap_Bootstrap->run()
#11 C:\wamp\www\editionkit_v1\application\libraries\Omeka\Application.php(79): Zend_Application->run()
#12 C:\wamp\www\editionkit_v1\admin\index.php(28): Omeka_Application->run()
#13 {main}
2016-05-25T14:35:57+02:00 INFO (6): DB Count Collection : 0
2016-05-25T14:35:57+02:00 INFO (6): Déjà installé
2016-05-25T14:36:41+02:00 INFO (6): DB Count Collection : 3
2016-05-25T14:36:42+02:00 INFO (6): Mysqli statement execute error : Duplicate entry 'homepage_uri' for key 'name'
2016-05-25T14:44:30+02:00 INFO (6): DB Count Collection : 3
2016-05-25T14:44:30+02:00 INFO (6): DB Count Item : 5
2016-05-25T14:44:30+02:00 INFO (6): Déjà installé
2016-05-25T14:45:08+02:00 INFO (6): DB Count Collection : 0
2016-05-25T14:45:08+02:00 INFO (6): DB Count Item : 20
2016-05-25T14:45:08+02:00 INFO (6): Déjà installé
2016-05-25T15:07:06+02:00 INFO (6): Déjà installé
2016-05-25T15:13:19+02:00 INFO (6): Déjà installé
2016-05-25T15:13:46+02:00 INFO (6): Mysqli statement execute error : Duplicate entry 'homepage_uri' for key 'name'
2016-05-25T15:16:43+02:00 INFO (6): Mysqli prepare error: Table 'editionkit_v2.omeka_linktoitem' doesn't exist
2016-05-30T11:46:39+02:00 INFO (6): Déjà installé
2016-05-30T16:21:15+02:00 INFO (6): Invalid bind-variable name ':false'
2016-05-31T15:39:46+02:00 ERR (3): exception 'InvalidArgumentException' with message 'Could not find file javascripts/verovio-toolkit-0.9.10.js!' in C:\wamp\www\editionkit\application\libraries\globals.php:1279
Stack trace:
#0 C:\wamp\www\editionkit\application\libraries\globals.php(1238): web_path_to('javascripts/ver...')
#1 C:\wamp\www\editionkit\application\libraries\globals.php(1028): src('verovio-toolkit...', 'javascripts', 'js')
#2 C:\wamp\www\editionkit\plugins\Verovio\VerovioPlugin.php(69): queue_js_file('verovio-toolkit...')
#3 [internal function]: VerovioPlugin->hookPublicHead(Array)
#4 C:\wamp\www\editionkit\application\libraries\Omeka\Plugin\Broker.php(157): call_user_func(Array, Array)
#5 C:\wamp\www\editionkit\application\libraries\globals.php(188): Omeka_Plugin_Broker->callHook('public_head', Array)
#6 C:\wamp\www\editionkit\themes\editionkit\common\header.php(21): fire_plugin_hook('public_head', Array)
#7 C:\wamp\www\editionkit\application\libraries\Omeka\View.php(117): include('C:\\wamp\\www\\edi...')
#8 C:\wamp\www\editionkit\application\libraries\Zend\View\Abstract.php(888): Omeka_View->_run('C:\\wamp\\www\\edi...')
#9 C:\wamp\www\editionkit\application\libraries\Zend\View\Helper\Partial.php(109): Zend_View_Abstract->render('common/header.p...')
#10 [internal function]: Zend_View_Helper_Partial->partial('common/header.p...', Array)
#11 C:\wamp\www\editionkit\application\libraries\Zend\View\Abstract.php(350): call_user_func_array(Array, Array)
#12 C:\wamp\www\editionkit\application\libraries\globals.php(1656): Zend_View_Abstract->__call('partial', Array)
#13 C:\wamp\www\editionkit\application\libraries\globals.php(1656): Omeka_View->partial('common/header.p...', Array)
#14 C:\wamp\www\editionkit\application\libraries\globals.php(1670): common('header', Array)
#15 C:\wamp\www\editionkit\themes\editionkit\items\show.php(1): head(Array)
#16 C:\wamp\www\editionkit\application\libraries\Omeka\View.php(117): include('C:\\wamp\\www\\edi...')
#17 C:\wamp\www\editionkit\application\libraries\Zend\View\Abstract.php(888): Omeka_View->_run('C:\\wamp\\www\\edi...')
#18 C:\wamp\www\editionkit\application\libraries\Zend\Controller\Action\Helper\ViewRenderer.php(912): Zend_View_Abstract->render('items/show.php')
#19 C:\wamp\www\editionkit\application\libraries\Zend\Controller\Action\Helper\ViewRenderer.php(933): Zend_Controller_Action_Helper_ViewRenderer->renderScript('items/show.php', NULL)
#20 C:\wamp\www\editionkit\application\libraries\Zend\Controller\Action\Helper\ViewRenderer.php(972): Zend_Controller_Action_Helper_ViewRenderer->render()
#21 C:\wamp\www\editionkit\application\libraries\Zend\Controller\Action\HelperBroker.php(277): Zend_Controller_Action_Helper_ViewRenderer->postDispatch()
#22 C:\wamp\www\editionkit\application\libraries\Zend\Controller\Action.php(527): Zend_Controller_Action_HelperBroker->notifyPostDispatch()
#23 C:\wamp\www\editionkit\application\libraries\Zend\Controller\Dispatcher\Standard.php(308): Zend_Controller_Action->dispatch('showAction')
#24 C:\wamp\www\editionkit\application\libraries\Zend\Controller\Front.php(954): Zend_Controller_Dispatcher_Standard->dispatch(Object(Zend_Controller_Request_Http), Object(Zend_Controller_Response_Http))
#25 C:\wamp\www\editionkit\application\libraries\Zend\Application\Bootstrap\Bootstrap.php(105): Zend_Controller_Front->dispatch()
#26 C:\wamp\www\editionkit\application\libraries\Zend\Application.php(384): Zend_Application_Bootstrap_Bootstrap->run()
#27 C:\wamp\www\editionkit\application\libraries\Omeka\Application.php(79): Zend_Application->run()
#28 C:\wamp\www\editionkit\index.php(23): Omeka_Application->run()
#29 {main}
2016-05-31T15:40:18+02:00 ERR (3): exception 'InvalidArgumentException' with message 'Could not find file javascripts/verovio-toolkit-0.9.10.js!' in C:\wamp\www\editionkit\application\libraries\globals.php:1279
Stack trace:
#0 C:\wamp\www\editionkit\application\libraries\globals.php(1238): web_path_to('javascripts/ver...')
#1 C:\wamp\www\editionkit\application\libraries\globals.php(1028): src('verovio-toolkit...', 'javascripts', 'js')
#2 C:\wamp\www\editionkit\plugins\Verovio\VerovioPlugin.php(69): queue_js_file('verovio-toolkit...')
#3 [internal function]: VerovioPlugin->hookPublicHead(Array)
#4 C:\wamp\www\editionkit\application\libraries\Omeka\Plugin\Broker.php(157): call_user_func(Array, Array)
#5 C:\wamp\www\editionkit\application\libraries\globals.php(188): Omeka_Plugin_Broker->callHook('public_head', Array)
#6 C:\wamp\www\editionkit\themes\editionkit\common\header.php(21): fire_plugin_hook('public_head', Array)
#7 C:\wamp\www\editionkit\application\libraries\Omeka\View.php(117): include('C:\\wamp\\www\\edi...')
#8 C:\wamp\www\editionkit\application\libraries\Zend\View\Abstract.php(888): Omeka_View->_run('C:\\wamp\\www\\edi...')
#9 C:\wamp\www\editionkit\application\libraries\Zend\View\Helper\Partial.php(109): Zend_View_Abstract->render('common/header.p...')
#10 [internal function]: Zend_View_Helper_Partial->partial('common/header.p...', Array)
#11 C:\wamp\www\editionkit\application\libraries\Zend\View\Abstract.php(350): call_user_func_array(Array, Array)
#12 C:\wamp\www\editionkit\application\libraries\globals.php(1656): Zend_View_Abstract->__call('partial', Array)
#13 C:\wamp\www\editionkit\application\libraries\globals.php(1656): Omeka_View->partial('common/header.p...', Array)
#14 C:\wamp\www\editionkit\application\libraries\globals.php(1670): common('header', Array)
#15 C:\wamp\www\editionkit\themes\editionkit\items\show.php(1): head(Array)
#16 C:\wamp\www\editionkit\application\libraries\Omeka\View.php(117): include('C:\\wamp\\www\\edi...')
#17 C:\wamp\www\editionkit\application\libraries\Zend\View\Abstract.php(888): Omeka_View->_run('C:\\wamp\\www\\edi...')
#18 C:\wamp\www\editionkit\application\libraries\Zend\Controller\Action\Helper\ViewRenderer.php(912): Zend_View_Abstract->render('items/show.php')
#19 C:\wamp\www\editionkit\application\libraries\Zend\Controller\Action\Helper\ViewRenderer.php(933): Zend_Controller_Action_Helper_ViewRenderer->renderScript('items/show.php', NULL)
#20 C:\wamp\www\editionkit\application\libraries\Zend\Controller\Action\Helper\ViewRenderer.php(972): Zend_Controller_Action_Helper_ViewRenderer->render()
#21 C:\wamp\www\editionkit\application\libraries\Zend\Controller\Action\HelperBroker.php(277): Zend_Controller_Action_Helper_ViewRenderer->postDispatch()
#22 C:\wamp\www\editionkit\application\libraries\Zend\Controller\Action.php(527): Zend_Controller_Action_HelperBroker->notifyPostDispatch()
#23 C:\wamp\www\editionkit\application\libraries\Zend\Controller\Dispatcher\Standard.php(308): Zend_Controller_Action->dispatch('showAction')
#24 C:\wamp\www\editionkit\application\libraries\Zend\Controller\Front.php(954): Zend_Controller_Dispatcher_Standard->dispatch(Object(Zend_Controller_Request_Http), Object(Zend_Controller_Response_Http))
#25 C:\wamp\www\editionkit\application\libraries\Zend\Application\Bootstrap\Bootstrap.php(105): Zend_Controller_Front->dispatch()
#26 C:\wamp\www\editionkit\application\libraries\Zend\Application.php(384): Zend_Application_Bootstrap_Bootstrap->run()
#27 C:\wamp\www\editionkit\application\libraries\Omeka\Application.php(79): Zend_Application->run()
#28 C:\wamp\www\editionkit\index.php(23): Omeka_Application->run()
#29 {main}
2016-05-31T15:40:21+02:00 ERR (3): exception 'InvalidArgumentException' with message 'Could not find file javascripts/verovio-toolkit-0.9.10.js!' in C:\wamp\www\editionkit\application\libraries\globals.php:1279
Stack trace:
#0 C:\wamp\www\editionkit\application\libraries\globals.php(1238): web_path_to('javascripts/ver...')
#1 C:\wamp\www\editionkit\application\libraries\globals.php(1028): src('verovio-toolkit...', 'javascripts', 'js')
#2 C:\wamp\www\editionkit\plugins\Verovio\VerovioPlugin.php(69): queue_js_file('verovio-toolkit...')
#3 [internal function]: VerovioPlugin->hookPublicHead(Array)
#4 C:\wamp\www\editionkit\application\libraries\Omeka\Plugin\Broker.php(157): call_user_func(Array, Array)
#5 C:\wamp\www\editionkit\application\libraries\globals.php(188): Omeka_Plugin_Broker->callHook('public_head', Array)
#6 C:\wamp\www\editionkit\themes\editionkit\common\header.php(21): fire_plugin_hook('public_head', Array)
#7 C:\wamp\www\editionkit\application\libraries\Omeka\View.php(117): include('C:\\wamp\\www\\edi...')
#8 C:\wamp\www\editionkit\application\libraries\Zend\View\Abstract.php(888): Omeka_View->_run('C:\\wamp\\www\\edi...')
#9 C:\wamp\www\editionkit\application\libraries\Zend\View\Helper\Partial.php(109): Zend_View_Abstract->render('common/header.p...')
#10 [internal function]: Zend_View_Helper_Partial->partial('common/header.p...', Array)
#11 C:\wamp\www\editionkit\application\libraries\Zend\View\Abstract.php(350): call_user_func_array(Array, Array)
#12 C:\wamp\www\editionkit\application\libraries\globals.php(1656): Zend_View_Abstract->__call('partial', Array)
#13 C:\wamp\www\editionkit\application\libraries\globals.php(1656): Omeka_View->partial('common/header.p...', Array)
#14 C:\wamp\www\editionkit\application\libraries\globals.php(1670): common('header', Array)
#15 C:\wamp\www\editionkit\themes\editionkit\items\show.php(1): head(Array)
#16 C:\wamp\www\editionkit\application\libraries\Omeka\View.php(117): include('C:\\wamp\\www\\edi...')
#17 C:\wamp\www\editionkit\application\libraries\Zend\View\Abstract.php(888): Omeka_View->_run('C:\\wamp\\www\\edi...')
#18 C:\wamp\www\editionkit\application\libraries\Zend\Controller\Action\Helper\ViewRenderer.php(912): Zend_View_Abstract->render('items/show.php')
#19 C:\wamp\www\editionkit\application\libraries\Zend\Controller\Action\Helper\ViewRenderer.php(933): Zend_Controller_Action_Helper_ViewRenderer->renderScript('items/show.php', NULL)
#20 C:\wamp\www\editionkit\application\libraries\Zend\Controller\Action\Helper\ViewRenderer.php(972): Zend_Controller_Action_Helper_ViewRenderer->render()
#21 C:\wamp\www\editionkit\application\libraries\Zend\Controller\Action\HelperBroker.php(277): Zend_Controller_Action_Helper_ViewRenderer->postDispatch()
#22 C:\wamp\www\editionkit\application\libraries\Zend\Controller\Action.php(527): Zend_Controller_Action_HelperBroker->notifyPostDispatch()
#23 C:\wamp\www\editionkit\application\libraries\Zend\Controller\Dispatcher\Standard.php(308): Zend_Controller_Action->dispatch('showAction')
#24 C:\wamp\www\editionkit\application\libraries\Zend\Controller\Front.php(954): Zend_Controller_Dispatcher_Standard->dispatch(Object(Zend_Controller_Request_Http), Object(Zend_Controller_Response_Http))
#25 C:\wamp\www\editionkit\application\libraries\Zend\Application\Bootstrap\Bootstrap.php(105): Zend_Controller_Front->dispatch()
#26 C:\wamp\www\editionkit\application\libraries\Zend\Application.php(384): Zend_Application_Bootstrap_Bootstrap->run()
#27 C:\wamp\www\editionkit\application\libraries\Omeka\Application.php(79): Zend_Application->run()
#28 C:\wamp\www\editionkit\index.php(23): Omeka_Application->run()
#29 {main}
2016-05-31T15:40:47+02:00 ERR (3): exception 'InvalidArgumentException' with message 'Could not find file javascripts/verovio-toolkit-0.9.10.js!' in C:\wamp\www\editionkit\application\libraries\globals.php:1279
Stack trace:
#0 C:\wamp\www\editionkit\application\libraries\globals.php(1238): web_path_to('javascripts/ver...')
#1 C:\wamp\www\editionkit\application\libraries\globals.php(1028): src('verovio-toolkit...', 'javascripts', 'js')
#2 C:\wamp\www\editionkit\plugins\Verovio\VerovioPlugin.php(62): queue_js_file('verovio-toolkit...')
#3 [internal function]: VerovioPlugin->hookAdminHead(Array)
#4 C:\wamp\www\editionkit\application\libraries\Omeka\Plugin\Broker.php(157): call_user_func(Array, Array)
#5 C:\wamp\www\editionkit\application\libraries\globals.php(188): Omeka_Plugin_Broker->callHook('admin_head', Array)
#6 C:\wamp\www\editionkit\admin\themes\default\common\header.php(29): fire_plugin_hook('admin_head', Array)
#7 C:\wamp\www\editionkit\application\libraries\Omeka\View.php(117): include('C:\\wamp\\www\\edi...')
#8 C:\wamp\www\editionkit\application\libraries\Zend\View\Abstract.php(888): Omeka_View->_run('C:\\wamp\\www\\edi...')
#9 C:\wamp\www\editionkit\application\libraries\Zend\View\Helper\Partial.php(109): Zend_View_Abstract->render('common/header.p...')
#10 [internal function]: Zend_View_Helper_Partial->partial('common/header.p...', Array)
#11 C:\wamp\www\editionkit\application\libraries\Zend\View\Abstract.php(350): call_user_func_array(Array, Array)
#12 C:\wamp\www\editionkit\application\libraries\globals.php(1656): Zend_View_Abstract->__call('partial', Array)
#13 C:\wamp\www\editionkit\application\libraries\globals.php(1656): Omeka_View->partial('common/header.p...', Array)
#14 C:\wamp\www\editionkit\application\libraries\globals.php(1670): common('header', Array)
#15 C:\wamp\www\editionkit\admin\themes\default\plugins\browse.php(3): head(Array)
#16 C:\wamp\www\editionkit\application\libraries\Omeka\View.php(117): include('C:\\wamp\\www\\edi...')
#17 C:\wamp\www\editionkit\application\libraries\Zend\View\Abstract.php(888): Omeka_View->_run('C:\\wamp\\www\\edi...')
#18 C:\wamp\www\editionkit\application\libraries\Zend\Controller\Action\Helper\ViewRenderer.php(912): Zend_View_Abstract->render('plugins/browse....')
#19 C:\wamp\www\editionkit\application\libraries\Zend\Controller\Action\Helper\ViewRenderer.php(933): Zend_Controller_Action_Helper_ViewRenderer->renderScript('plugins/browse....', NULL)
#20 C:\wamp\www\editionkit\application\libraries\Zend\Controller\Action\Helper\ViewRenderer.php(972): Zend_Controller_Action_Helper_ViewRenderer->render()
#21 C:\wamp\www\editionkit\application\libraries\Zend\Controller\Action\HelperBroker.php(277): Zend_Controller_Action_Helper_ViewRenderer->postDispatch()
#22 C:\wamp\www\editionkit\application\libraries\Zend\Controller\Action.php(527): Zend_Controller_Action_HelperBroker->notifyPostDispatch()
#23 C:\wamp\www\editionkit\application\libraries\Zend\Controller\Dispatcher\Standard.php(308): Zend_Controller_Action->dispatch('browseAction')
#24 C:\wamp\www\editionkit\application\libraries\Zend\Controller\Front.php(954): Zend_Controller_Dispatcher_Standard->dispatch(Object(Zend_Controller_Request_Http), Object(Zend_Controller_Response_Http))
#25 C:\wamp\www\editionkit\application\libraries\Zend\Application\Bootstrap\Bootstrap.php(105): Zend_Controller_Front->dispatch()
#26 C:\wamp\www\editionkit\application\libraries\Zend\Application.php(384): Zend_Application_Bootstrap_Bootstrap->run()
#27 C:\wamp\www\editionkit\application\libraries\Omeka\Application.php(79): Zend_Application->run()
#28 C:\wamp\www\editionkit\admin\index.php(28): Omeka_Application->run()
#29 {main}
2016-05-31T15:41:19+02:00 ERR (3): exception 'InvalidArgumentException' with message 'Could not find file javascripts/verovio-toolkit-0.9.10.js!' in C:\wamp\www\editionkit\application\libraries\globals.php:1279
Stack trace:
#0 C:\wamp\www\editionkit\application\libraries\globals.php(1238): web_path_to('javascripts/ver...')
#1 C:\wamp\www\editionkit\application\libraries\globals.php(1028): src('verovio-toolkit...', 'javascripts', 'js')
#2 C:\wamp\www\editionkit\plugins\Verovio\VerovioPlugin.php(62): queue_js_file('verovio-toolkit...')
#3 [internal function]: VerovioPlugin->hookAdminHead(Array)
#4 C:\wamp\www\editionkit\application\libraries\Omeka\Plugin\Broker.php(157): call_user_func(Array, Array)
#5 C:\wamp\www\editionkit\application\libraries\globals.php(188): Omeka_Plugin_Broker->callHook('admin_head', Array)
#6 C:\wamp\www\editionkit\admin\themes\default\common\header.php(29): fire_plugin_hook('admin_head', Array)
#7 C:\wamp\www\editionkit\application\libraries\Omeka\View.php(117): include('C:\\wamp\\www\\edi...')
#8 C:\wamp\www\editionkit\application\libraries\Zend\View\Abstract.php(888): Omeka_View->_run('C:\\wamp\\www\\edi...')
#9 C:\wamp\www\editionkit\application\libraries\Zend\View\Helper\Partial.php(109): Zend_View_Abstract->render('common/header.p...')
#10 [internal function]: Zend_View_Helper_Partial->partial('common/header.p...', Array)
#11 C:\wamp\www\editionkit\application\libraries\Zend\View\Abstract.php(350): call_user_func_array(Array, Array)
#12 C:\wamp\www\editionkit\application\libraries\globals.php(1656): Zend_View_Abstract->__call('partial', Array)
#13 C:\wamp\www\editionkit\application\libraries\globals.php(1656): Omeka_View->partial('common/header.p...', Array)
#14 C:\wamp\www\editionkit\application\libraries\globals.php(1670): common('header', Array)
#15 C:\wamp\www\editionkit\admin\themes\default\plugins\browse.php(3): head(Array)
#16 C:\wamp\www\editionkit\application\libraries\Omeka\View.php(117): include('C:\\wamp\\www\\edi...')
#17 C:\wamp\www\editionkit\application\libraries\Zend\View\Abstract.php(888): Omeka_View->_run('C:\\wamp\\www\\edi...')
#18 C:\wamp\www\editionkit\application\libraries\Zend\Controller\Action\Helper\ViewRenderer.php(912): Zend_View_Abstract->render('plugins/browse....')
#19 C:\wamp\www\editionkit\application\libraries\Zend\Controller\Action\Helper\ViewRenderer.php(933): Zend_Controller_Action_Helper_ViewRenderer->renderScript('plugins/browse....', NULL)
#20 C:\wamp\www\editionkit\application\libraries\Zend\Controller\Action\Helper\ViewRenderer.php(972): Zend_Controller_Action_Helper_ViewRenderer->render()
#21 C:\wamp\www\editionkit\application\libraries\Zend\Controller\Action\HelperBroker.php(277): Zend_Controller_Action_Helper_ViewRenderer->postDispatch()
#22 C:\wamp\www\editionkit\application\libraries\Zend\Controller\Action.php(527): Zend_Controller_Action_HelperBroker->notifyPostDispatch()
#23 C:\wamp\www\editionkit\application\libraries\Zend\Controller\Dispatcher\Standard.php(308): Zend_Controller_Action->dispatch('browseAction')
#24 C:\wamp\www\editionkit\application\libraries\Zend\Controller\Front.php(954): Zend_Controller_Dispatcher_Standard->dispatch(Object(Zend_Controller_Request_Http), Object(Zend_Controller_Response_Http))
#25 C:\wamp\www\editionkit\application\libraries\Zend\Application\Bootstrap\Bootstrap.php(105): Zend_Controller_Front->dispatch()
#26 C:\wamp\www\editionkit\application\libraries\Zend\Application.php(384): Zend_Application_Bootstrap_Bootstrap->run()
#27 C:\wamp\www\editionkit\application\libraries\Omeka\Application.php(79): Zend_Application->run()
#28 C:\wamp\www\editionkit\admin\index.php(28): Omeka_Application->run()
#29 {main}
2016-05-31T15:41:20+02:00 ERR (3): exception 'InvalidArgumentException' with message 'Could not find file javascripts/verovio-toolkit-0.9.10.js!' in C:\wamp\www\editionkit\application\libraries\globals.php:1279
Stack trace:
#0 C:\wamp\www\editionkit\application\libraries\globals.php(1238): web_path_to('javascripts/ver...')
#1 C:\wamp\www\editionkit\application\libraries\globals.php(1028): src('verovio-toolkit...', 'javascripts', 'js')
#2 C:\wamp\www\editionkit\plugins\Verovio\VerovioPlugin.php(62): queue_js_file('verovio-toolkit...')
#3 [internal function]: VerovioPlugin->hookAdminHead(Array)
#4 C:\wamp\www\editionkit\application\libraries\Omeka\Plugin\Broker.php(157): call_user_func(Array, Array)
#5 C:\wamp\www\editionkit\application\libraries\globals.php(188): Omeka_Plugin_Broker->callHook('admin_head', Array)
#6 C:\wamp\www\editionkit\admin\themes\default\common\header.php(29): fire_plugin_hook('admin_head', Array)
#7 C:\wamp\www\editionkit\application\libraries\Omeka\View.php(117): include('C:\\wamp\\www\\edi...')
#8 C:\wamp\www\editionkit\application\libraries\Zend\View\Abstract.php(888): Omeka_View->_run('C:\\wamp\\www\\edi...')
#9 C:\wamp\www\editionkit\application\libraries\Zend\View\Helper\Partial.php(109): Zend_View_Abstract->render('common/header.p...')
#10 [internal function]: Zend_View_Helper_Partial->partial('common/header.p...', Array)
#11 C:\wamp\www\editionkit\application\libraries\Zend\View\Abstract.php(350): call_user_func_array(Array, Array)
#12 C:\wamp\www\editionkit\application\libraries\globals.php(1656): Zend_View_Abstract->__call('partial', Array)
#13 C:\wamp\www\editionkit\application\libraries\globals.php(1656): Omeka_View->partial('common/header.p...', Array)
#14 C:\wamp\www\editionkit\application\libraries\globals.php(1670): common('header', Array)
#15 C:\wamp\www\editionkit\admin\themes\default\plugins\browse.php(3): head(Array)
#16 C:\wamp\www\editionkit\application\libraries\Omeka\View.php(117): include('C:\\wamp\\www\\edi...')
#17 C:\wamp\www\editionkit\application\libraries\Zend\View\Abstract.php(888): Omeka_View->_run('C:\\wamp\\www\\edi...')
#18 C:\wamp\www\editionkit\application\libraries\Zend\Controller\Action\Helper\ViewRenderer.php(912): Zend_View_Abstract->render('plugins/browse....')
#19 C:\wamp\www\editionkit\application\libraries\Zend\Controller\Action\Helper\ViewRenderer.php(933): Zend_Controller_Action_Helper_ViewRenderer->renderScript('plugins/browse....', NULL)
#20 C:\wamp\www\editionkit\application\libraries\Zend\Controller\Action\Helper\ViewRenderer.php(972): Zend_Controller_Action_Helper_ViewRenderer->render()
#21 C:\wamp\www\editionkit\application\libraries\Zend\Controller\Action\HelperBroker.php(277): Zend_Controller_Action_Helper_ViewRenderer->postDispatch()
#22 C:\wamp\www\editionkit\application\libraries\Zend\Controller\Action.php(527): Zend_Controller_Action_HelperBroker->notifyPostDispatch()
#23 C:\wamp\www\editionkit\application\libraries\Zend\Controller\Dispatcher\Standard.php(308): Zend_Controller_Action->dispatch('browseAction')
#24 C:\wamp\www\editionkit\application\libraries\Zend\Controller\Front.php(954): Zend_Controller_Dispatcher_Standard->dispatch(Object(Zend_Controller_Request_Http), Object(Zend_Controller_Response_Http))
#25 C:\wamp\www\editionkit\application\libraries\Zend\Application\Bootstrap\Bootstrap.php(105): Zend_Controller_Front->dispatch()
#26 C:\wamp\www\editionkit\application\libraries\Zend\Application.php(384): Zend_Application_Bootstrap_Bootstrap->run()
#27 C:\wamp\www\editionkit\application\libraries\Omeka\Application.php(79): Zend_Application->run()
#28 C:\wamp\www\editionkit\admin\index.php(28): Omeka_Application->run()
#29 {main}
2016-05-31T15:41:20+02:00 ERR (3): exception 'InvalidArgumentException' with message 'Could not find file javascripts/verovio-toolkit-0.9.10.js!' in C:\wamp\www\editionkit\application\libraries\globals.php:1279
Stack trace:
#0 C:\wamp\www\editionkit\application\libraries\globals.php(1238): web_path_to('javascripts/ver...')
#1 C:\wamp\www\editionkit\application\libraries\globals.php(1028): src('verovio-toolkit...', 'javascripts', 'js')
#2 C:\wamp\www\editionkit\plugins\Verovio\VerovioPlugin.php(62): queue_js_file('verovio-toolkit...')
#3 [internal function]: VerovioPlugin->hookAdminHead(Array)
#4 C:\wamp\www\editionkit\application\libraries\Omeka\Plugin\Broker.php(157): call_user_func(Array, Array)
#5 C:\wamp\www\editionkit\application\libraries\globals.php(188): Omeka_Plugin_Broker->callHook('admin_head', Array)
#6 C:\wamp\www\editionkit\admin\themes\default\common\header.php(29): fire_plugin_hook('admin_head', Array)
#7 C:\wamp\www\editionkit\application\libraries\Omeka\View.php(117): include('C:\\wamp\\www\\edi...')
#8 C:\wamp\www\editionkit\application\libraries\Zend\View\Abstract.php(888): Omeka_View->_run('C:\\wamp\\www\\edi...')
#9 C:\wamp\www\editionkit\application\libraries\Zend\View\Helper\Partial.php(109): Zend_View_Abstract->render('common/header.p...')
#10 [internal function]: Zend_View_Helper_Partial->partial('common/header.p...', Array)
#11 C:\wamp\www\editionkit\application\libraries\Zend\View\Abstract.php(350): call_user_func_array(Array, Array)
#12 C:\wamp\www\editionkit\application\libraries\globals.php(1656): Zend_View_Abstract->__call('partial', Array)
#13 C:\wamp\www\editionkit\application\libraries\globals.php(1656): Omeka_View->partial('common/header.p...', Array)
#14 C:\wamp\www\editionkit\application\libraries\globals.php(1670): common('header', Array)
#15 C:\wamp\www\editionkit\admin\themes\default\plugins\browse.php(3): head(Array)
#16 C:\wamp\www\editionkit\application\libraries\Omeka\View.php(117): include('C:\\wamp\\www\\edi...')
#17 C:\wamp\www\editionkit\application\libraries\Zend\View\Abstract.php(888): Omeka_View->_run('C:\\wamp\\www\\edi...')
#18 C:\wamp\www\editionkit\application\libraries\Zend\Controller\Action\Helper\ViewRenderer.php(912): Zend_View_Abstract->render('plugins/browse....')
#19 C:\wamp\www\editionkit\application\libraries\Zend\Controller\Action\Helper\ViewRenderer.php(933): Zend_Controller_Action_Helper_ViewRenderer->renderScript('plugins/browse....', NULL)
#20 C:\wamp\www\editionkit\application\libraries\Zend\Controller\Action\Helper\ViewRenderer.php(972): Zend_Controller_Action_Helper_ViewRenderer->render()
#21 C:\wamp\www\editionkit\application\libraries\Zend\Controller\Action\HelperBroker.php(277): Zend_Controller_Action_Helper_ViewRenderer->postDispatch()
#22 C:\wamp\www\editionkit\application\libraries\Zend\Controller\Action.php(527): Zend_Controller_Action_HelperBroker->notifyPostDispatch()
#23 C:\wamp\www\editionkit\application\libraries\Zend\Controller\Dispatcher\Standard.php(308): Zend_Controller_Action->dispatch('browseAction')
#24 C:\wamp\www\editionkit\application\libraries\Zend\Controller\Front.php(954): Zend_Controller_Dispatcher_Standard->dispatch(Object(Zend_Controller_Request_Http), Object(Zend_Controller_Response_Http))
#25 C:\wamp\www\editionkit\application\libraries\Zend\Application\Bootstrap\Bootstrap.php(105): Zend_Controller_Front->dispatch()
#26 C:\wamp\www\editionkit\application\libraries\Zend\Application.php(384): Zend_Application_Bootstrap_Bootstrap->run()
#27 C:\wamp\www\editionkit\application\libraries\Omeka\Application.php(79): Zend_Application->run()
#28 C:\wamp\www\editionkit\admin\index.php(28): Omeka_Application->run()
#29 {main}
2016-05-31T15:41:20+02:00 ERR (3): exception 'InvalidArgumentException' with message 'Could not find file javascripts/verovio-toolkit-0.9.10.js!' in C:\wamp\www\editionkit\application\libraries\globals.php:1279
Stack trace:
#0 C:\wamp\www\editionkit\application\libraries\globals.php(1238): web_path_to('javascripts/ver...')
#1 C:\wamp\www\editionkit\application\libraries\globals.php(1028): src('verovio-toolkit...', 'javascripts', 'js')
#2 C:\wamp\www\editionkit\plugins\Verovio\VerovioPlugin.php(62): queue_js_file('verovio-toolkit...')
#3 [internal function]: VerovioPlugin->hookAdminHead(Array)
#4 C:\wamp\www\editionkit\application\libraries\Omeka\Plugin\Broker.php(157): call_user_func(Array, Array)
#5 C:\wamp\www\editionkit\application\libraries\globals.php(188): Omeka_Plugin_Broker->callHook('admin_head', Array)
#6 C:\wamp\www\editionkit\admin\themes\default\common\header.php(29): fire_plugin_hook('admin_head', Array)
#7 C:\wamp\www\editionkit\application\libraries\Omeka\View.php(117): include('C:\\wamp\\www\\edi...')
#8 C:\wamp\www\editionkit\application\libraries\Zend\View\Abstract.php(888): Omeka_View->_run('C:\\wamp\\www\\edi...')
#9 C:\wamp\www\editionkit\application\libraries\Zend\View\Helper\Partial.php(109): Zend_View_Abstract->render('common/header.p...')
#10 [internal function]: Zend_View_Helper_Partial->partial('common/header.p...', Array)
#11 C:\wamp\www\editionkit\application\libraries\Zend\View\Abstract.php(350): call_user_func_array(Array, Array)
#12 C:\wamp\www\editionkit\application\libraries\globals.php(1656): Zend_View_Abstract->__call('partial', Array)
#13 C:\wamp\www\editionkit\application\libraries\globals.php(1656): Omeka_View->partial('common/header.p...', Array)
#14 C:\wamp\www\editionkit\application\libraries\globals.php(1670): common('header', Array)
#15 C:\wamp\www\editionkit\admin\themes\default\plugins\browse.php(3): head(Array)
#16 C:\wamp\www\editionkit\application\libraries\Omeka\View.php(117): include('C:\\wamp\\www\\edi...')
#17 C:\wamp\www\editionkit\application\libraries\Zend\View\Abstract.php(888): Omeka_View->_run('C:\\wamp\\www\\edi...')
#18 C:\wamp\www\editionkit\application\libraries\Zend\Controller\Action\Helper\ViewRenderer.php(912): Zend_View_Abstract->render('plugins/browse....')
#19 C:\wamp\www\editionkit\application\libraries\Zend\Controller\Action\Helper\ViewRenderer.php(933): Zend_Controller_Action_Helper_ViewRenderer->renderScript('plugins/browse....', NULL)
#20 C:\wamp\www\editionkit\application\libraries\Zend\Controller\Action\Helper\ViewRenderer.php(972): Zend_Controller_Action_Helper_ViewRenderer->render()
#21 C:\wamp\www\editionkit\application\libraries\Zend\Controller\Action\HelperBroker.php(277): Zend_Controller_Action_Helper_ViewRenderer->postDispatch()
#22 C:\wamp\www\editionkit\application\libraries\Zend\Controller\Action.php(527): Zend_Controller_Action_HelperBroker->notifyPostDispatch()
#23 C:\wamp\www\editionkit\application\libraries\Zend\Controller\Dispatcher\Standard.php(308): Zend_Controller_Action->dispatch('browseAction')
#24 C:\wamp\www\editionkit\application\libraries\Zend\Controller\Front.php(954): Zend_Controller_Dispatcher_Standard->dispatch(Object(Zend_Controller_Request_Http), Object(Zend_Controller_Response_Http))
#25 C:\wamp\www\editionkit\application\libraries\Zend\Application\Bootstrap\Bootstrap.php(105): Zend_Controller_Front->dispatch()
#26 C:\wamp\www\editionkit\application\libraries\Zend\Application.php(384): Zend_Application_Bootstrap_Bootstrap->run()
#27 C:\wamp\www\editionkit\application\libraries\Omeka\Application.php(79): Zend_Application->run()
#28 C:\wamp\www\editionkit\admin\index.php(28): Omeka_Application->run()
#29 {main}
2016-05-31T15:41:32+02:00 ERR (3): exception 'InvalidArgumentException' with message 'Could not find file javascripts/verovio-toolkit-0.9.10.js!' in C:\wamp\www\editionkit\application\libraries\globals.php:1279
Stack trace:
#0 C:\wamp\www\editionkit\application\libraries\globals.php(1238): web_path_to('javascripts/ver...')
#1 C:\wamp\www\editionkit\application\libraries\globals.php(1028): src('verovio-toolkit...', 'javascripts', 'js')
#2 C:\wamp\www\editionkit\plugins\Verovio\VerovioPlugin.php(62): queue_js_file('verovio-toolkit...')
#3 [internal function]: VerovioPlugin->hookAdminHead(Array)
#4 C:\wamp\www\editionkit\application\libraries\Omeka\Plugin\Broker.php(157): call_user_func(Array, Array)
#5 C:\wamp\www\editionkit\application\libraries\globals.php(188): Omeka_Plugin_Broker->callHook('admin_head', Array)
#6 C:\wamp\www\editionkit\admin\themes\default\common\header.php(29): fire_plugin_hook('admin_head', Array)
#7 C:\wamp\www\editionkit\application\libraries\Omeka\View.php(117): include('C:\\wamp\\www\\edi...')
#8 C:\wamp\www\editionkit\application\libraries\Zend\View\Abstract.php(888): Omeka_View->_run('C:\\wamp\\www\\edi...')
#9 C:\wamp\www\editionkit\application\libraries\Zend\View\Helper\Partial.php(109): Zend_View_Abstract->render('common/header.p...')
#10 [internal function]: Zend_View_Helper_Partial->partial('common/header.p...', Array)
#11 C:\wamp\www\editionkit\application\libraries\Zend\View\Abstract.php(350): call_user_func_array(Array, Array)
#12 C:\wamp\www\editionkit\application\libraries\globals.php(1656): Zend_View_Abstract->__call('partial', Array)
#13 C:\wamp\www\editionkit\application\libraries\globals.php(1656): Omeka_View->partial('common/header.p...', Array)
#14 C:\wamp\www\editionkit\application\libraries\globals.php(1670): common('header', Array)
#15 C:\wamp\www\editionkit\admin\themes\default\plugins\browse.php(3): head(Array)
#16 C:\wamp\www\editionkit\application\libraries\Omeka\View.php(117): include('C:\\wamp\\www\\edi...')
#17 C:\wamp\www\editionkit\application\libraries\Zend\View\Abstract.php(888): Omeka_View->_run('C:\\wamp\\www\\edi...')
#18 C:\wamp\www\editionkit\application\libraries\Zend\Controller\Action\Helper\ViewRenderer.php(912): Zend_View_Abstract->render('plugins/browse....')
#19 C:\wamp\www\editionkit\application\libraries\Zend\Controller\Action\Helper\ViewRenderer.php(933): Zend_Controller_Action_Helper_ViewRenderer->renderScript('plugins/browse....', NULL)
#20 C:\wamp\www\editionkit\application\libraries\Zend\Controller\Action\Helper\ViewRenderer.php(972): Zend_Controller_Action_Helper_ViewRenderer->render()
#21 C:\wamp\www\editionkit\application\libraries\Zend\Controller\Action\HelperBroker.php(277): Zend_Controller_Action_Helper_ViewRenderer->postDispatch()
#22 C:\wamp\www\editionkit\application\libraries\Zend\Controller\Action.php(527): Zend_Controller_Action_HelperBroker->notifyPostDispatch()
#23 C:\wamp\www\editionkit\application\libraries\Zend\Controller\Dispatcher\Standard.php(308): Zend_Controller_Action->dispatch('browseAction')
#24 C:\wamp\www\editionkit\application\libraries\Zend\Controller\Front.php(954): Zend_Controller_Dispatcher_Standard->dispatch(Object(Zend_Controller_Request_Http), Object(Zend_Controller_Response_Http))
#25 C:\wamp\www\editionkit\application\libraries\Zend\Application\Bootstrap\Bootstrap.php(105): Zend_Controller_Front->dispatch()
#26 C:\wamp\www\editionkit\application\libraries\Zend\Application.php(384): Zend_Application_Bootstrap_Bootstrap->run()
#27 C:\wamp\www\editionkit\application\libraries\Omeka\Application.php(79): Zend_Application->run()
#28 C:\wamp\www\editionkit\admin\index.php(28): Omeka_Application->run()
#29 {main}
2016-05-31T15:42:19+02:00 ERR (3): exception 'InvalidArgumentException' with message 'Could not find file javascripts/verovio-toolkit-0.9.10.js!' in C:\wamp\www\editionkit\application\libraries\globals.php:1279
Stack trace:
#0 C:\wamp\www\editionkit\application\libraries\globals.php(1238): web_path_to('javascripts/ver...')
#1 C:\wamp\www\editionkit\application\libraries\globals.php(1028): src('verovio-toolkit...', 'javascripts', 'js')
#2 C:\wamp\www\editionkit\plugins\Verovio\VerovioPlugin.php(62): queue_js_file('verovio-toolkit...')
#3 [internal function]: VerovioPlugin->hookAdminHead(Array)
#4 C:\wamp\www\editionkit\application\libraries\Omeka\Plugin\Broker.php(157): call_user_func(Array, Array)
#5 C:\wamp\www\editionkit\application\libraries\globals.php(188): Omeka_Plugin_Broker->callHook('admin_head', Array)
#6 C:\wamp\www\editionkit\admin\themes\default\common\header.php(29): fire_plugin_hook('admin_head', Array)
#7 C:\wamp\www\editionkit\application\libraries\Omeka\View.php(117): include('C:\\wamp\\www\\edi...')
#8 C:\wamp\www\editionkit\application\libraries\Zend\View\Abstract.php(888): Omeka_View->_run('C:\\wamp\\www\\edi...')
#9 C:\wamp\www\editionkit\application\libraries\Zend\View\Helper\Partial.php(109): Zend_View_Abstract->render('common/header.p...')
#10 [internal function]: Zend_View_Helper_Partial->partial('common/header.p...', Array)
#11 C:\wamp\www\editionkit\application\libraries\Zend\View\Abstract.php(350): call_user_func_array(Array, Array)
#12 C:\wamp\www\editionkit\application\libraries\globals.php(1656): Zend_View_Abstract->__call('partial', Array)
#13 C:\wamp\www\editionkit\application\libraries\globals.php(1656): Omeka_View->partial('common/header.p...', Array)
#14 C:\wamp\www\editionkit\application\libraries\globals.php(1670): common('header', Array)
#15 C:\wamp\www\editionkit\admin\themes\default\plugins\config.php(3): head(Array)
#16 C:\wamp\www\editionkit\application\libraries\Omeka\View.php(117): include('C:\\wamp\\www\\edi...')
#17 C:\wamp\www\editionkit\application\libraries\Zend\View\Abstract.php(888): Omeka_View->_run('C:\\wamp\\www\\edi...')
#18 C:\wamp\www\editionkit\application\libraries\Zend\Controller\Action\Helper\ViewRenderer.php(912): Zend_View_Abstract->render('plugins/config....')
#19 C:\wamp\www\editionkit\application\libraries\Zend\Controller\Action\Helper\ViewRenderer.php(933): Zend_Controller_Action_Helper_ViewRenderer->renderScript('plugins/config....', NULL)
#20 C:\wamp\www\editionkit\application\libraries\Zend\Controller\Action\Helper\ViewRenderer.php(972): Zend_Controller_Action_Helper_ViewRenderer->render()
#21 C:\wamp\www\editionkit\application\libraries\Zend\Controller\Action\HelperBroker.php(277): Zend_Controller_Action_Helper_ViewRenderer->postDispatch()
#22 C:\wamp\www\editionkit\application\libraries\Zend\Controller\Action.php(527): Zend_Controller_Action_HelperBroker->notifyPostDispatch()
#23 C:\wamp\www\editionkit\application\libraries\Zend\Controller\Dispatcher\Standard.php(308): Zend_Controller_Action->dispatch('configAction')
#24 C:\wamp\www\editionkit\application\libraries\Zend\Controller\Front.php(954): Zend_Controller_Dispatcher_Standard->dispatch(Object(Zend_Controller_Request_Http), Object(Zend_Controller_Response_Http))
#25 C:\wamp\www\editionkit\application\libraries\Zend\Application\Bootstrap\Bootstrap.php(105): Zend_Controller_Front->dispatch()
#26 C:\wamp\www\editionkit\application\libraries\Zend\Application.php(384): Zend_Application_Bootstrap_Bootstrap->run()
#27 C:\wamp\www\editionkit\application\libraries\Omeka\Application.php(79): Zend_Application->run()
#28 C:\wamp\www\editionkit\admin\index.php(28): Omeka_Application->run()
#29 {main}
2016-05-31T15:52:09+02:00 ERR (3): exception 'InvalidArgumentException' with message 'Could not find file javascripts/verovio-toolkit-0.9.10.js!' in C:\wamp\www\editionkit\application\libraries\globals.php:1279
Stack trace:
#0 C:\wamp\www\editionkit\application\libraries\globals.php(1238): web_path_to('javascripts/ver...')
#1 C:\wamp\www\editionkit\application\libraries\globals.php(1028): src('verovio-toolkit...', 'javascripts', 'js')
#2 C:\wamp\www\editionkit\plugins\Verovio\VerovioPlugin.php(62): queue_js_file('verovio-toolkit...')
#3 [internal function]: VerovioPlugin->hookAdminHead(Array)
#4 C:\wamp\www\editionkit\application\libraries\Omeka\Plugin\Broker.php(157): call_user_func(Array, Array)
#5 C:\wamp\www\editionkit\application\libraries\globals.php(188): Omeka_Plugin_Broker->callHook('admin_head', Array)
#6 C:\wamp\www\editionkit\admin\themes\default\common\header.php(29): fire_plugin_hook('admin_head', Array)
#7 C:\wamp\www\editionkit\application\libraries\Omeka\View.php(117): include('C:\\wamp\\www\\edi...')
#8 C:\wamp\www\editionkit\application\libraries\Zend\View\Abstract.php(888): Omeka_View->_run('C:\\wamp\\www\\edi...')
#9 C:\wamp\www\editionkit\application\libraries\Zend\View\Helper\Partial.php(109): Zend_View_Abstract->render('common/header.p...')
#10 [internal function]: Zend_View_Helper_Partial->partial('common/header.p...', Array)
#11 C:\wamp\www\editionkit\application\libraries\Zend\View\Abstract.php(350): call_user_func_array(Array, Array)
#12 C:\wamp\www\editionkit\application\libraries\globals.php(1656): Zend_View_Abstract->__call('partial', Array)
#13 C:\wamp\www\editionkit\application\libraries\globals.php(1656): Omeka_View->partial('common/header.p...', Array)
#14 C:\wamp\www\editionkit\application\libraries\globals.php(1670): common('header', Array)
#15 C:\wamp\www\editionkit\admin\themes\default\plugins\config.php(3): head(Array)
#16 C:\wamp\www\editionkit\application\libraries\Omeka\View.php(117): include('C:\\wamp\\www\\edi...')
#17 C:\wamp\www\editionkit\application\libraries\Zend\View\Abstract.php(888): Omeka_View->_run('C:\\wamp\\www\\edi...')
#18 C:\wamp\www\editionkit\application\libraries\Zend\Controller\Action\Helper\ViewRenderer.php(912): Zend_View_Abstract->render('plugins/config....')
#19 C:\wamp\www\editionkit\application\libraries\Zend\Controller\Action\Helper\ViewRenderer.php(933): Zend_Controller_Action_Helper_ViewRenderer->renderScript('plugins/config....', NULL)
#20 C:\wamp\www\editionkit\application\libraries\Zend\Controller\Action\Helper\ViewRenderer.php(972): Zend_Controller_Action_Helper_ViewRenderer->render()
#21 C:\wamp\www\editionkit\application\libraries\Zend\Controller\Action\HelperBroker.php(277): Zend_Controller_Action_Helper_ViewRenderer->postDispatch()
#22 C:\wamp\www\editionkit\application\libraries\Zend\Controller\Action.php(527): Zend_Controller_Action_HelperBroker->notifyPostDispatch()
#23 C:\wamp\www\editionkit\application\libraries\Zend\Controller\Dispatcher\Standard.php(308): Zend_Controller_Action->dispatch('configAction')
#24 C:\wamp\www\editionkit\application\libraries\Zend\Controller\Front.php(954): Zend_Controller_Dispatcher_Standard->dispatch(Object(Zend_Controller_Request_Http), Object(Zend_Controller_Response_Http))
#25 C:\wamp\www\editionkit\application\libraries\Zend\Application\Bootstrap\Bootstrap.php(105): Zend_Controller_Front->dispatch()
#26 C:\wamp\www\editionkit\application\libraries\Zend\Application.php(384): Zend_Application_Bootstrap_Bootstrap->run()
#27 C:\wamp\www\editionkit\application\libraries\Omeka\Application.php(79): Zend_Application->run()
#28 C:\wamp\www\editionkit\admin\index.php(28): Omeka_Application->run()
#29 {main}
2016-05-31T15:52:10+02:00 ERR (3): exception 'InvalidArgumentException' with message 'Could not find file javascripts/verovio-toolkit-0.9.10.js!' in C:\wamp\www\editionkit\application\libraries\globals.php:1279
Stack trace:
#0 C:\wamp\www\editionkit\application\libraries\globals.php(1238): web_path_to('javascripts/ver...')
#1 C:\wamp\www\editionkit\application\libraries\globals.php(1028): src('verovio-toolkit...', 'javascripts', 'js')
#2 C:\wamp\www\editionkit\plugins\Verovio\VerovioPlugin.php(62): queue_js_file('verovio-toolkit...')
#3 [internal function]: VerovioPlugin->hookAdminHead(Array)
#4 C:\wamp\www\editionkit\application\libraries\Omeka\Plugin\Broker.php(157): call_user_func(Array, Array)
#5 C:\wamp\www\editionkit\application\libraries\globals.php(188): Omeka_Plugin_Broker->callHook('admin_head', Array)
#6 C:\wamp\www\editionkit\admin\themes\default\common\header.php(29): fire_plugin_hook('admin_head', Array)
#7 C:\wamp\www\editionkit\application\libraries\Omeka\View.php(117): include('C:\\wamp\\www\\edi...')
#8 C:\wamp\www\editionkit\application\libraries\Zend\View\Abstract.php(888): Omeka_View->_run('C:\\wamp\\www\\edi...')
#9 C:\wamp\www\editionkit\application\libraries\Zend\View\Helper\Partial.php(109): Zend_View_Abstract->render('common/header.p...')
#10 [internal function]: Zend_View_Helper_Partial->partial('common/header.p...', Array)
#11 C:\wamp\www\editionkit\application\libraries\Zend\View\Abstract.php(350): call_user_func_array(Array, Array)
#12 C:\wamp\www\editionkit\application\libraries\globals.php(1656): Zend_View_Abstract->__call('partial', Array)
#13 C:\wamp\www\editionkit\application\libraries\globals.php(1656): Omeka_View->partial('common/header.p...', Array)
#14 C:\wamp\www\editionkit\application\libraries\globals.php(1670): common('header', Array)
#15 C:\wamp\www\editionkit\admin\themes\default\plugins\config.php(3): head(Array)
#16 C:\wamp\www\editionkit\application\libraries\Omeka\View.php(117): include('C:\\wamp\\www\\edi...')
#17 C:\wamp\www\editionkit\application\libraries\Zend\View\Abstract.php(888): Omeka_View->_run('C:\\wamp\\www\\edi...')
#18 C:\wamp\www\editionkit\application\libraries\Zend\Controller\Action\Helper\ViewRenderer.php(912): Zend_View_Abstract->render('plugins/config....')
#19 C:\wamp\www\editionkit\application\libraries\Zend\Controller\Action\Helper\ViewRenderer.php(933): Zend_Controller_Action_Helper_ViewRenderer->renderScript('plugins/config....', NULL)
#20 C:\wamp\www\editionkit\application\libraries\Zend\Controller\Action\Helper\ViewRenderer.php(972): Zend_Controller_Action_Helper_ViewRenderer->render()
#21 C:\wamp\www\editionkit\application\libraries\Zend\Controller\Action\HelperBroker.php(277): Zend_Controller_Action_Helper_ViewRenderer->postDispatch()
#22 C:\wamp\www\editionkit\application\libraries\Zend\Controller\Action.php(527): Zend_Controller_Action_HelperBroker->notifyPostDispatch()
#23 C:\wamp\www\editionkit\application\libraries\Zend\Controller\Dispatcher\Standard.php(308): Zend_Controller_Action->dispatch('configAction')
#24 C:\wamp\www\editionkit\application\libraries\Zend\Controller\Front.php(954): Zend_Controller_Dispatcher_Standard->dispatch(Object(Zend_Controller_Request_Http), Object(Zend_Controller_Response_Http))
#25 C:\wamp\www\editionkit\application\libraries\Zend\Application\Bootstrap\Bootstrap.php(105): Zend_Controller_Front->dispatch()
#26 C:\wamp\www\editionkit\application\libraries\Zend\Application.php(384): Zend_Application_Bootstrap_Bootstrap->run()
#27 C:\wamp\www\editionkit\application\libraries\Omeka\Application.php(79): Zend_Application->run()
#28 C:\wamp\www\editionkit\admin\index.php(28): Omeka_Application->run()
#29 {main}
2016-05-31T15:52:11+02:00 ERR (3): exception 'InvalidArgumentException' with message 'Could not find file javascripts/verovio-toolkit-0.9.10.js!' in C:\wamp\www\editionkit\application\libraries\globals.php:1279
Stack trace:
#0 C:\wamp\www\editionkit\application\libraries\globals.php(1238): web_path_to('javascripts/ver...')
#1 C:\wamp\www\editionkit\application\libraries\globals.php(1028): src('verovio-toolkit...', 'javascripts', 'js')
#2 C:\wamp\www\editionkit\plugins\Verovio\VerovioPlugin.php(62): queue_js_file('verovio-toolkit...')
#3 [internal function]: VerovioPlugin->hookAdminHead(Array)
#4 C:\wamp\www\editionkit\application\libraries\Omeka\Plugin\Broker.php(157): call_user_func(Array, Array)
#5 C:\wamp\www\editionkit\application\libraries\globals.php(188): Omeka_Plugin_Broker->callHook('admin_head', Array)
#6 C:\wamp\www\editionkit\admin\themes\default\common\header.php(29): fire_plugin_hook('admin_head', Array)
#7 C:\wamp\www\editionkit\application\libraries\Omeka\View.php(117): include('C:\\wamp\\www\\edi...')
#8 C:\wamp\www\editionkit\application\libraries\Zend\View\Abstract.php(888): Omeka_View->_run('C:\\wamp\\www\\edi...')
#9 C:\wamp\www\editionkit\application\libraries\Zend\View\Helper\Partial.php(109): Zend_View_Abstract->render('common/header.p...')
#10 [internal function]: Zend_View_Helper_Partial->partial('common/header.p...', Array)
#11 C:\wamp\www\editionkit\application\libraries\Zend\View\Abstract.php(350): call_user_func_array(Array, Array)
#12 C:\wamp\www\editionkit\application\libraries\globals.php(1656): Zend_View_Abstract->__call('partial', Array)
#13 C:\wamp\www\editionkit\application\libraries\globals.php(1656): Omeka_View->partial('common/header.p...', Array)
#14 C:\wamp\www\editionkit\application\libraries\globals.php(1670): common('header', Array)
#15 C:\wamp\www\editionkit\admin\themes\default\plugins\config.php(3): head(Array)
#16 C:\wamp\www\editionkit\application\libraries\Omeka\View.php(117): include('C:\\wamp\\www\\edi...')
#17 C:\wamp\www\editionkit\application\libraries\Zend\View\Abstract.php(888): Omeka_View->_run('C:\\wamp\\www\\edi...')
#18 C:\wamp\www\editionkit\application\libraries\Zend\Controller\Action\Helper\ViewRenderer.php(912): Zend_View_Abstract->render('plugins/config....')
#19 C:\wamp\www\editionkit\application\libraries\Zend\Controller\Action\Helper\ViewRenderer.php(933): Zend_Controller_Action_Helper_ViewRenderer->renderScript('plugins/config....', NULL)
#20 C:\wamp\www\editionkit\application\libraries\Zend\Controller\Action\Helper\ViewRenderer.php(972): Zend_Controller_Action_Helper_ViewRenderer->render()
#21 C:\wamp\www\editionkit\application\libraries\Zend\Controller\Action\HelperBroker.php(277): Zend_Controller_Action_Helper_ViewRenderer->postDispatch()
#22 C:\wamp\www\editionkit\application\libraries\Zend\Controller\Action.php(527): Zend_Controller_Action_HelperBroker->notifyPostDispatch()
#23 C:\wamp\www\editionkit\application\libraries\Zend\Controller\Dispatcher\Standard.php(308): Zend_Controller_Action->dispatch('configAction')
#24 C:\wamp\www\editionkit\application\libraries\Zend\Controller\Front.php(954): Zend_Controller_Dispatcher_Standard->dispatch(Object(Zend_Controller_Request_Http), Object(Zend_Controller_Response_Http))
#25 C:\wamp\www\editionkit\application\libraries\Zend\Application\Bootstrap\Bootstrap.php(105): Zend_Controller_Front->dispatch()
#26 C:\wamp\www\editionkit\application\libraries\Zend\Application.php(384): Zend_Application_Bootstrap_Bootstrap->run()
#27 C:\wamp\www\editionkit\application\libraries\Omeka\Application.php(79): Zend_Application->run()
#28 C:\wamp\www\editionkit\admin\index.php(28): Omeka_Application->run()
#29 {main}
2016-05-31T15:52:15+02:00 ERR (3): exception 'InvalidArgumentException' with message 'Could not find file javascripts/verovio-toolkit-0.9.10.js!' in C:\wamp\www\editionkit\application\libraries\globals.php:1279
Stack trace:
#0 C:\wamp\www\editionkit\application\libraries\globals.php(1238): web_path_to('javascripts/ver...')
#1 C:\wamp\www\editionkit\application\libraries\globals.php(1028): src('verovio-toolkit...', 'javascripts', 'js')
#2 C:\wamp\www\editionkit\plugins\Verovio\VerovioPlugin.php(62): queue_js_file('verovio-toolkit...')
#3 [internal function]: VerovioPlugin->hookAdminHead(Array)
#4 C:\wamp\www\editionkit\application\libraries\Omeka\Plugin\Broker.php(157): call_user_func(Array, Array)
#5 C:\wamp\www\editionkit\application\libraries\globals.php(188): Omeka_Plugin_Broker->callHook('admin_head', Array)
#6 C:\wamp\www\editionkit\admin\themes\default\common\header.php(29): fire_plugin_hook('admin_head', Array)
#7 C:\wamp\www\editionkit\application\libraries\Omeka\View.php(117): include('C:\\wamp\\www\\edi...')
#8 C:\wamp\www\editionkit\application\libraries\Zend\View\Abstract.php(888): Omeka_View->_run('C:\\wamp\\www\\edi...')
#9 C:\wamp\www\editionkit\application\libraries\Zend\View\Helper\Partial.php(109): Zend_View_Abstract->render('common/header.p...')
#10 [internal function]: Zend_View_Helper_Partial->partial('common/header.p...', Array)
#11 C:\wamp\www\editionkit\application\libraries\Zend\View\Abstract.php(350): call_user_func_array(Array, Array)
#12 C:\wamp\www\editionkit\application\libraries\globals.php(1656): Zend_View_Abstract->__call('partial', Array)
#13 C:\wamp\www\editionkit\application\libraries\globals.php(1656): Omeka_View->partial('common/header.p...', Array)
#14 C:\wamp\www\editionkit\application\libraries\globals.php(1670): common('header', Array)
#15 C:\wamp\www\editionkit\admin\themes\default\plugins\browse.php(3): head(Array)
#16 C:\wamp\www\editionkit\application\libraries\Omeka\View.php(117): include('C:\\wamp\\www\\edi...')
#17 C:\wamp\www\editionkit\application\libraries\Zend\View\Abstract.php(888): Omeka_View->_run('C:\\wamp\\www\\edi...')
#18 C:\wamp\www\editionkit\application\libraries\Zend\Controller\Action\Helper\ViewRenderer.php(912): Zend_View_Abstract->render('plugins/browse....')
#19 C:\wamp\www\editionkit\application\libraries\Zend\Controller\Action\Helper\ViewRenderer.php(933): Zend_Controller_Action_Helper_ViewRenderer->renderScript('plugins/browse....', NULL)
#20 C:\wamp\www\editionkit\application\libraries\Zend\Controller\Action\Helper\ViewRenderer.php(972): Zend_Controller_Action_Helper_ViewRenderer->render()
#21 C:\wamp\www\editionkit\application\libraries\Zend\Controller\Action\HelperBroker.php(277): Zend_Controller_Action_Helper_ViewRenderer->postDispatch()
#22 C:\wamp\www\editionkit\application\libraries\Zend\Controller\Action.php(527): Zend_Controller_Action_HelperBroker->notifyPostDispatch()
#23 C:\wamp\www\editionkit\application\libraries\Zend\Controller\Dispatcher\Standard.php(308): Zend_Controller_Action->dispatch('browseAction')
#24 C:\wamp\www\editionkit\application\libraries\Zend\Controller\Front.php(954): Zend_Controller_Dispatcher_Standard->dispatch(Object(Zend_Controller_Request_Http), Object(Zend_Controller_Response_Http))
#25 C:\wamp\www\editionkit\application\libraries\Zend\Application\Bootstrap\Bootstrap.php(105): Zend_Controller_Front->dispatch()
#26 C:\wamp\www\editionkit\application\libraries\Zend\Application.php(384): Zend_Application_Bootstrap_Bootstrap->run()
#27 C:\wamp\www\editionkit\application\libraries\Omeka\Application.php(79): Zend_Application->run()
#28 C:\wamp\www\editionkit\admin\index.php(28): Omeka_Application->run()
#29 {main}
2016-05-31T15:52:34+02:00 ERR (3): exception 'InvalidArgumentException' with message 'Could not find file javascripts/verovio-toolkit-0.9.10.js!' in C:\wamp\www\editionkit\application\libraries\globals.php:1279
Stack trace:
#0 C:\wamp\www\editionkit\application\libraries\globals.php(1238): web_path_to('javascripts/ver...')
#1 C:\wamp\www\editionkit\application\libraries\globals.php(1028): src('verovio-toolkit...', 'javascripts', 'js')
#2 C:\wamp\www\editionkit\plugins\Verovio\VerovioPlugin.php(62): queue_js_file('verovio-toolkit...')
#3 [internal function]: VerovioPlugin->hookAdminHead(Array)
#4 C:\wamp\www\editionkit\application\libraries\Omeka\Plugin\Broker.php(157): call_user_func(Array, Array)
#5 C:\wamp\www\editionkit\application\libraries\globals.php(188): Omeka_Plugin_Broker->callHook('admin_head', Array)
#6 C:\wamp\www\editionkit\admin\themes\default\common\header.php(29): fire_plugin_hook('admin_head', Array)
#7 C:\wamp\www\editionkit\application\libraries\Omeka\View.php(117): include('C:\\wamp\\www\\edi...')
#8 C:\wamp\www\editionkit\application\libraries\Zend\View\Abstract.php(888): Omeka_View->_run('C:\\wamp\\www\\edi...')
#9 C:\wamp\www\editionkit\application\libraries\Zend\View\Helper\Partial.php(109): Zend_View_Abstract->render('common/header.p...')
#10 [internal function]: Zend_View_Helper_Partial->partial('common/header.p...', Array)
#11 C:\wamp\www\editionkit\application\libraries\Zend\View\Abstract.php(350): call_user_func_array(Array, Array)
#12 C:\wamp\www\editionkit\application\libraries\globals.php(1656): Zend_View_Abstract->__call('partial', Array)
#13 C:\wamp\www\editionkit\application\libraries\globals.php(1656): Omeka_View->partial('common/header.p...', Array)
#14 C:\wamp\www\editionkit\application\libraries\globals.php(1670): common('header', Array)
#15 C:\wamp\www\editionkit\admin\themes\default\plugins\browse.php(3): head(Array)
#16 C:\wamp\www\editionkit\application\libraries\Omeka\View.php(117): include('C:\\wamp\\www\\edi...')
#17 C:\wamp\www\editionkit\application\libraries\Zend\View\Abstract.php(888): Omeka_View->_run('C:\\wamp\\www\\edi...')
#18 C:\wamp\www\editionkit\application\libraries\Zend\Controller\Action\Helper\ViewRenderer.php(912): Zend_View_Abstract->render('plugins/browse....')
#19 C:\wamp\www\editionkit\application\libraries\Zend\Controller\Action\Helper\ViewRenderer.php(933): Zend_Controller_Action_Helper_ViewRenderer->renderScript('plugins/browse....', NULL)
#20 C:\wamp\www\editionkit\application\libraries\Zend\Controller\Action\Helper\ViewRenderer.php(972): Zend_Controller_Action_Helper_ViewRenderer->render()
#21 C:\wamp\www\editionkit\application\libraries\Zend\Controller\Action\HelperBroker.php(277): Zend_Controller_Action_Helper_ViewRenderer->postDispatch()
#22 C:\wamp\www\editionkit\application\libraries\Zend\Controller\Action.php(527): Zend_Controller_Action_HelperBroker->notifyPostDispatch()
#23 C:\wamp\www\editionkit\application\libraries\Zend\Controller\Dispatcher\Standard.php(308): Zend_Controller_Action->dispatch('browseAction')
#24 C:\wamp\www\editionkit\application\libraries\Zend\Controller\Front.php(954): Zend_Controller_Dispatcher_Standard->dispatch(Object(Zend_Controller_Request_Http), Object(Zend_Controller_Response_Http))
#25 C:\wamp\www\editionkit\application\libraries\Zend\Application\Bootstrap\Bootstrap.php(105): Zend_Controller_Front->dispatch()
#26 C:\wamp\www\editionkit\application\libraries\Zend\Application.php(384): Zend_Application_Bootstrap_Bootstrap->run()
#27 C:\wamp\www\editionkit\application\libraries\Omeka\Application.php(79): Zend_Application->run()
#28 C:\wamp\www\editionkit\admin\index.php(28): Omeka_Application->run()
#29 {main}
2016-05-31T15:54:15+02:00 ERR (3): exception 'InvalidArgumentException' with message 'Could not find file javascripts/verovio-toolkit-0.9.10.js!' in C:\wamp\www\editionkit\application\libraries\globals.php:1279
Stack trace:
#0 C:\wamp\www\editionkit\application\libraries\globals.php(1238): web_path_to('javascripts/ver...')
#1 C:\wamp\www\editionkit\application\libraries\globals.php(1028): src('verovio-toolkit...', 'javascripts', 'js')
#2 C:\wamp\www\editionkit\plugins\Verovio\VerovioPlugin.php(62): queue_js_file('verovio-toolkit...')
#3 [internal function]: VerovioPlugin->hookAdminHead(Array)
#4 C:\wamp\www\editionkit\application\libraries\Omeka\Plugin\Broker.php(157): call_user_func(Array, Array)
#5 C:\wamp\www\editionkit\application\libraries\globals.php(188): Omeka_Plugin_Broker->callHook('admin_head', Array)
#6 C:\wamp\www\editionkit\admin\themes\default\common\header.php(29): fire_plugin_hook('admin_head', Array)
#7 C:\wamp\www\editionkit\application\libraries\Omeka\View.php(117): include('C:\\wamp\\www\\edi...')
#8 C:\wamp\www\editionkit\application\libraries\Zend\View\Abstract.php(888): Omeka_View->_run('C:\\wamp\\www\\edi...')
#9 C:\wamp\www\editionkit\application\libraries\Zend\View\Helper\Partial.php(109): Zend_View_Abstract->render('common/header.p...')
#10 [internal function]: Zend_View_Helper_Partial->partial('common/header.p...', Array)
#11 C:\wamp\www\editionkit\application\libraries\Zend\View\Abstract.php(350): call_user_func_array(Array, Array)
#12 C:\wamp\www\editionkit\application\libraries\globals.php(1656): Zend_View_Abstract->__call('partial', Array)
#13 C:\wamp\www\editionkit\application\libraries\globals.php(1656): Omeka_View->partial('common/header.p...', Array)
#14 C:\wamp\www\editionkit\application\libraries\globals.php(1670): common('header', Array)
#15 C:\wamp\www\editionkit\admin\themes\default\plugins\browse.php(3): head(Array)
#16 C:\wamp\www\editionkit\application\libraries\Omeka\View.php(117): include('C:\\wamp\\www\\edi...')
#17 C:\wamp\www\editionkit\application\libraries\Zend\View\Abstract.php(888): Omeka_View->_run('C:\\wamp\\www\\edi...')
#18 C:\wamp\www\editionkit\application\libraries\Zend\Controller\Action\Helper\ViewRenderer.php(912): Zend_View_Abstract->render('plugins/browse....')
#19 C:\wamp\www\editionkit\application\libraries\Zend\Controller\Action\Helper\ViewRenderer.php(933): Zend_Controller_Action_Helper_ViewRenderer->renderScript('plugins/browse....', NULL)
#20 C:\wamp\www\editionkit\application\libraries\Zend\Controller\Action\Helper\ViewRenderer.php(972): Zend_Controller_Action_Helper_ViewRenderer->render()
#21 C:\wamp\www\editionkit\application\libraries\Zend\Controller\Action\HelperBroker.php(277): Zend_Controller_Action_Helper_ViewRenderer->postDispatch()
#22 C:\wamp\www\editionkit\application\libraries\Zend\Controller\Action.php(527): Zend_Controller_Action_HelperBroker->notifyPostDispatch()
#23 C:\wamp\www\editionkit\application\libraries\Zend\Controller\Dispatcher\Standard.php(308): Zend_Controller_Action->dispatch('browseAction')
#24 C:\wamp\www\editionkit\application\libraries\Zend\Controller\Front.php(954): Zend_Controller_Dispatcher_Standard->dispatch(Object(Zend_Controller_Request_Http), Object(Zend_Controller_Response_Http))
#25 C:\wamp\www\editionkit\application\libraries\Zend\Application\Bootstrap\Bootstrap.php(105): Zend_Controller_Front->dispatch()
#26 C:\wamp\www\editionkit\application\libraries\Zend\Application.php(384): Zend_Application_Bootstrap_Bootstrap->run()
#27 C:\wamp\www\editionkit\application\libraries\Omeka\Application.php(79): Zend_Application->run()
#28 C:\wamp\www\editionkit\admin\index.php(28): Omeka_Application->run()
#29 {main}
2016-05-31T15:55:14+02:00 ERR (3): exception 'InvalidArgumentException' with message 'Could not find file javascripts/verovio-toolkit-0.9.10.js!' in C:\wamp\www\editionkit\application\libraries\globals.php:1279
Stack trace:
#0 C:\wamp\www\editionkit\application\libraries\globals.php(1238): web_path_to('javascripts/ver...')
#1 C:\wamp\www\editionkit\application\libraries\globals.php(1028): src('verovio-toolkit...', 'javascripts', 'js')
#2 C:\wamp\www\editionkit\plugins\Verovio\VerovioPlugin.php(62): queue_js_file('verovio-toolkit...')
#3 [internal function]: VerovioPlugin->hookAdminHead(Array)
#4 C:\wamp\www\editionkit\application\libraries\Omeka\Plugin\Broker.php(157): call_user_func(Array, Array)
#5 C:\wamp\www\editionkit\application\libraries\globals.php(188): Omeka_Plugin_Broker->callHook('admin_head', Array)
#6 C:\wamp\www\editionkit\admin\themes\default\common\header.php(29): fire_plugin_hook('admin_head', Array)
#7 C:\wamp\www\editionkit\application\libraries\Omeka\View.php(117): include('C:\\wamp\\www\\edi...')
#8 C:\wamp\www\editionkit\application\libraries\Zend\View\Abstract.php(888): Omeka_View->_run('C:\\wamp\\www\\edi...')
#9 C:\wamp\www\editionkit\application\libraries\Zend\View\Helper\Partial.php(109): Zend_View_Abstract->render('common/header.p...')
#10 [internal function]: Zend_View_Helper_Partial->partial('common/header.p...', Array)
#11 C:\wamp\www\editionkit\application\libraries\Zend\View\Abstract.php(350): call_user_func_array(Array, Array)
#12 C:\wamp\www\editionkit\application\libraries\globals.php(1656): Zend_View_Abstract->__call('partial', Array)
#13 C:\wamp\www\editionkit\application\libraries\globals.php(1656): Omeka_View->partial('common/header.p...', Array)
#14 C:\wamp\www\editionkit\application\libraries\globals.php(1670): common('header', Array)
#15 C:\wamp\www\editionkit\admin\themes\default\plugins\browse.php(3): head(Array)
#16 C:\wamp\www\editionkit\application\libraries\Omeka\View.php(117): include('C:\\wamp\\www\\edi...')
#17 C:\wamp\www\editionkit\application\libraries\Zend\View\Abstract.php(888): Omeka_View->_run('C:\\wamp\\www\\edi...')
#18 C:\wamp\www\editionkit\application\libraries\Zend\Controller\Action\Helper\ViewRenderer.php(912): Zend_View_Abstract->render('plugins/browse....')
#19 C:\wamp\www\editionkit\application\libraries\Zend\Controller\Action\Helper\ViewRenderer.php(933): Zend_Controller_Action_Helper_ViewRenderer->renderScript('plugins/browse....', NULL)
#20 C:\wamp\www\editionkit\application\libraries\Zend\Controller\Action\Helper\ViewRenderer.php(972): Zend_Controller_Action_Helper_ViewRenderer->render()
#21 C:\wamp\www\editionkit\application\libraries\Zend\Controller\Action\HelperBroker.php(277): Zend_Controller_Action_Helper_ViewRenderer->postDispatch()
#22 C:\wamp\www\editionkit\application\libraries\Zend\Controller\Action.php(527): Zend_Controller_Action_HelperBroker->notifyPostDispatch()
#23 C:\wamp\www\editionkit\application\libraries\Zend\Controller\Dispatcher\Standard.php(308): Zend_Controller_Action->dispatch('browseAction')
#24 C:\wamp\www\editionkit\application\libraries\Zend\Controller\Front.php(954): Zend_Controller_Dispatcher_Standard->dispatch(Object(Zend_Controller_Request_Http), Object(Zend_Controller_Response_Http))
#25 C:\wamp\www\editionkit\application\libraries\Zend\Application\Bootstrap\Bootstrap.php(105): Zend_Controller_Front->dispatch()
#26 C:\wamp\www\editionkit\application\libraries\Zend\Application.php(384): Zend_Application_Bootstrap_Bootstrap->run()
#27 C:\wamp\www\editionkit\application\libraries\Omeka\Application.php(79): Zend_Application->run()
#28 C:\wamp\www\editionkit\admin\index.php(28): Omeka_Application->run()
#29 {main}
2016-05-31T15:55:18+02:00 ERR (3): exception 'InvalidArgumentException' with message 'Could not find file javascripts/verovio-toolkit-0.9.10.js!' in C:\wamp\www\editionkit\application\libraries\globals.php:1279
Stack trace:
#0 C:\wamp\www\editionkit\application\libraries\globals.php(1238): web_path_to('javascripts/ver...')
#1 C:\wamp\www\editionkit\application\libraries\globals.php(1028): src('verovio-toolkit...', 'javascripts', 'js')
#2 C:\wamp\www\editionkit\plugins\Verovio\VerovioPlugin.php(62): queue_js_file('verovio-toolkit...')
#3 [internal function]: VerovioPlugin->hookAdminHead(Array)
#4 C:\wamp\www\editionkit\application\libraries\Omeka\Plugin\Broker.php(157): call_user_func(Array, Array)
#5 C:\wamp\www\editionkit\application\libraries\globals.php(188): Omeka_Plugin_Broker->callHook('admin_head', Array)
#6 C:\wamp\www\editionkit\admin\themes\default\common\header.php(29): fire_plugin_hook('admin_head', Array)
#7 C:\wamp\www\editionkit\application\libraries\Omeka\View.php(117): include('C:\\wamp\\www\\edi...')
#8 C:\wamp\www\editionkit\application\libraries\Zend\View\Abstract.php(888): Omeka_View->_run('C:\\wamp\\www\\edi...')
#9 C:\wamp\www\editionkit\application\libraries\Zend\View\Helper\Partial.php(109): Zend_View_Abstract->render('common/header.p...')
#10 [internal function]: Zend_View_Helper_Partial->partial('common/header.p...', Array)
#11 C:\wamp\www\editionkit\application\libraries\Zend\View\Abstract.php(350): call_user_func_array(Array, Array)
#12 C:\wamp\www\editionkit\application\libraries\globals.php(1656): Zend_View_Abstract->__call('partial', Array)
#13 C:\wamp\www\editionkit\application\libraries\globals.php(1656): Omeka_View->partial('common/header.p...', Array)
#14 C:\wamp\www\editionkit\application\libraries\globals.php(1670): common('header', Array)
#15 C:\wamp\www\editionkit\admin\themes\default\plugins\config.php(3): head(Array)
#16 C:\wamp\www\editionkit\application\libraries\Omeka\View.php(117): include('C:\\wamp\\www\\edi...')
#17 C:\wamp\www\editionkit\application\libraries\Zend\View\Abstract.php(888): Omeka_View->_run('C:\\wamp\\www\\edi...')
#18 C:\wamp\www\editionkit\application\libraries\Zend\Controller\Action\Helper\ViewRenderer.php(912): Zend_View_Abstract->render('plugins/config....')
#19 C:\wamp\www\editionkit\application\libraries\Zend\Controller\Action\Helper\ViewRenderer.php(933): Zend_Controller_Action_Helper_ViewRenderer->renderScript('plugins/config....', NULL)
#20 C:\wamp\www\editionkit\application\libraries\Zend\Controller\Action\Helper\ViewRenderer.php(972): Zend_Controller_Action_Helper_ViewRenderer->render()
#21 C:\wamp\www\editionkit\application\libraries\Zend\Controller\Action\HelperBroker.php(277): Zend_Controller_Action_Helper_ViewRenderer->postDispatch()
#22 C:\wamp\www\editionkit\application\libraries\Zend\Controller\Action.php(527): Zend_Controller_Action_HelperBroker->notifyPostDispatch()
#23 C:\wamp\www\editionkit\application\libraries\Zend\Controller\Dispatcher\Standard.php(308): Zend_Controller_Action->dispatch('configAction')
#24 C:\wamp\www\editionkit\application\libraries\Zend\Controller\Front.php(954): Zend_Controller_Dispatcher_Standard->dispatch(Object(Zend_Controller_Request_Http), Object(Zend_Controller_Response_Http))
#25 C:\wamp\www\editionkit\application\libraries\Zend\Application\Bootstrap\Bootstrap.php(105): Zend_Controller_Front->dispatch()
#26 C:\wamp\www\editionkit\application\libraries\Zend\Application.php(384): Zend_Application_Bootstrap_Bootstrap->run()
#27 C:\wamp\www\editionkit\application\libraries\Omeka\Application.php(79): Zend_Application->run()
#28 C:\wamp\www\editionkit\admin\index.php(28): Omeka_Application->run()
#29 {main}
2016-05-31T15:55:21+02:00 ERR (3): exception 'InvalidArgumentException' with message 'Could not find file javascripts/verovio-toolkit-0.9.10.js!' in C:\wamp\www\editionkit\application\libraries\globals.php:1279
Stack trace:
#0 C:\wamp\www\editionkit\application\libraries\globals.php(1238): web_path_to('javascripts/ver...')
#1 C:\wamp\www\editionkit\application\libraries\globals.php(1028): src('verovio-toolkit...', 'javascripts', 'js')
#2 C:\wamp\www\editionkit\plugins\Verovio\VerovioPlugin.php(62): queue_js_file('verovio-toolkit...')
#3 [internal function]: VerovioPlugin->hookAdminHead(Array)
#4 C:\wamp\www\editionkit\application\libraries\Omeka\Plugin\Broker.php(157): call_user_func(Array, Array)
#5 C:\wamp\www\editionkit\application\libraries\globals.php(188): Omeka_Plugin_Broker->callHook('admin_head', Array)
#6 C:\wamp\www\editionkit\admin\themes\default\common\header.php(29): fire_plugin_hook('admin_head', Array)
#7 C:\wamp\www\editionkit\application\libraries\Omeka\View.php(117): include('C:\\wamp\\www\\edi...')
#8 C:\wamp\www\editionkit\application\libraries\Zend\View\Abstract.php(888): Omeka_View->_run('C:\\wamp\\www\\edi...')
#9 C:\wamp\www\editionkit\application\libraries\Zend\View\Helper\Partial.php(109): Zend_View_Abstract->render('common/header.p...')
#10 [internal function]: Zend_View_Helper_Partial->partial('common/header.p...', Array)
#11 C:\wamp\www\editionkit\application\libraries\Zend\View\Abstract.php(350): call_user_func_array(Array, Array)
#12 C:\wamp\www\editionkit\application\libraries\globals.php(1656): Zend_View_Abstract->__call('partial', Array)
#13 C:\wamp\www\editionkit\application\libraries\globals.php(1656): Omeka_View->partial('common/header.p...', Array)
#14 C:\wamp\www\editionkit\application\libraries\globals.php(1670): common('header', Array)
#15 C:\wamp\www\editionkit\admin\themes\default\plugins\browse.php(3): head(Array)
#16 C:\wamp\www\editionkit\application\libraries\Omeka\View.php(117): include('C:\\wamp\\www\\edi...')
#17 C:\wamp\www\editionkit\application\libraries\Zend\View\Abstract.php(888): Omeka_View->_run('C:\\wamp\\www\\edi...')
#18 C:\wamp\www\editionkit\application\libraries\Zend\Controller\Action\Helper\ViewRenderer.php(912): Zend_View_Abstract->render('plugins/browse....')
#19 C:\wamp\www\editionkit\application\libraries\Zend\Controller\Action\Helper\ViewRenderer.php(933): Zend_Controller_Action_Helper_ViewRenderer->renderScript('plugins/browse....', NULL)
#20 C:\wamp\www\editionkit\application\libraries\Zend\Controller\Action\Helper\ViewRenderer.php(972): Zend_Controller_Action_Helper_ViewRenderer->render()
#21 C:\wamp\www\editionkit\application\libraries\Zend\Controller\Action\HelperBroker.php(277): Zend_Controller_Action_Helper_ViewRenderer->postDispatch()
#22 C:\wamp\www\editionkit\application\libraries\Zend\Controller\Action.php(527): Zend_Controller_Action_HelperBroker->notifyPostDispatch()
#23 C:\wamp\www\editionkit\application\libraries\Zend\Controller\Dispatcher\Standard.php(308): Zend_Controller_Action->dispatch('browseAction')
#24 C:\wamp\www\editionkit\application\libraries\Zend\Controller\Front.php(954): Zend_Controller_Dispatcher_Standard->dispatch(Object(Zend_Controller_Request_Http), Object(Zend_Controller_Response_Http))
#25 C:\wamp\www\editionkit\application\libraries\Zend\Application\Bootstrap\Bootstrap.php(105): Zend_Controller_Front->dispatch()
#26 C:\wamp\www\editionkit\application\libraries\Zend\Application.php(384): Zend_Application_Bootstrap_Bootstrap->run()
#27 C:\wamp\www\editionkit\application\libraries\Omeka\Application.php(79): Zend_Application->run()
#28 C:\wamp\www\editionkit\admin\index.php(28): Omeka_Application->run()
#29 {main}
